<?xml version="1.0" encoding="UTF-8"?>
<testsuite name="DecodeTest" tests="1" skipped="0" failures="0" errors="0" timestamp="2019-04-29T21:32:55" hostname="mumo-ThinkPad-X240" time="0.005">
  <properties/>
  <testcase name="newDecode_getDecryptedText_pear" classname="DecodeTest" time="0.005"/>
  <system-out><![CDATA[]]></system-out>
  <system-err><![CDATA[]]></system-err>
</testsuite>
